<?xml version="1.0" encoding="UTF-8"?>
<!-- Generated by org.testng.reporters.JUnitReportReporter -->
<testsuite hostname="raghu" failures="0" tests="1" name="cucumberOptions.TestNgRunner" time="0.169" errors="0" timestamp="2023-06-24T14:26:07 IST" skipped="0">
  <testcase classname="cucumberOptions.TestNgRunner" name="runScenario" time="0.169"/>
  <system-out/>
</testsuite> <!-- cucumberOptions.TestNgRunner -->
